This file contains any messages produced by compilers while
running configure, to aid debugging if configure makes a mistake.

It was created by CheckMATE configure 2.0.0, which was
generated by GNU Autoconf 2.71.  Invocation command line was

  $ ./configure --with-rootsys=/home/pawan/HEPTools/ROOT/install --with-delphes=/home/pawan/HEPTools/DELPHES/delphes --with-pythia=/home/pawan/HEPTools/PYTHIA/pythia8245 --with-hepmc=/home/pawan/HEPTools/HepMC/HepMC-2.06.11 --with-madgraph=/home/pawan/HEPTools/MADGRAPH/MG5_aMC_v3_5_1

## --------- ##
## Platform. ##
## --------- ##

hostname = Pawan-Ubuntu
uname -m = x86_64
uname -r = 6.5.0-14-generic
uname -s = Linux
uname -v = #14~22.04.1-Ubuntu SMP PREEMPT_DYNAMIC Mon Nov 20 18:15:30 UTC 2

/usr/bin/uname -p = x86_64
/bin/uname -X     = unknown

/bin/arch              = x86_64
/usr/bin/arch -k       = unknown
/usr/convex/getsysinfo = unknown
/usr/bin/hostinfo      = unknown
/bin/machine           = unknown
/usr/bin/oslevel       = unknown
/bin/universe          = unknown

PATH: /home/pawan/HEPTools/ROOT/install/bin/
PATH: /home/pawan/miniforge3/envs/hep/bin/
PATH: /home/pawan/miniforge3/condabin/
PATH: /home/pawan/.local/bin/
PATH: /usr/local/sbin/
PATH: /usr/local/bin/
PATH: /usr/sbin/
PATH: /usr/bin/
PATH: /sbin/
PATH: /bin/
PATH: /usr/games/
PATH: /usr/local/games/
PATH: /snap/bin/
PATH: /snap/bin/


## ----------- ##
## Core tests. ##
## ----------- ##

configure:2828: looking for aux files: compile config.guess config.sub ltmain.sh missing install-sh
configure:2841:  trying ./
configure:2870:   ./compile found
configure:2870:   ./config.guess found
configure:2870:   ./config.sub found
configure:2870:   ./ltmain.sh found
configure:2870:   ./missing found
configure:2852:   ./install-sh found
configure:2999: checking for a BSD-compatible install
configure:3072: result: /usr/bin/install -c
configure:3083: checking whether build environment is sane
configure:3138: result: yes
configure:3297: checking for a race-free mkdir -p
configure:3341: result: /usr/bin/mkdir -p
configure:3348: checking for gawk
configure:3383: result: no
configure:3348: checking for mawk
configure:3369: found /usr/bin/mawk
configure:3380: result: mawk
configure:3391: checking whether make sets $(MAKE)
configure:3414: result: yes
configure:3444: checking whether make supports nested variables
configure:3462: result: yes
configure:3668: checking for g++
configure:3689: found /usr/bin/g++
configure:3700: result: g++
configure:3727: checking for C++ compiler version
configure:3736: g++ --version >&5
g++ (Ubuntu 11.4.0-1ubuntu1~22.04) 11.4.0
Copyright (C) 2021 Free Software Foundation, Inc.
This is free software; see the source for copying conditions.  There is NO
warranty; not even for MERCHANTABILITY or FITNESS FOR A PARTICULAR PURPOSE.

configure:3747: $? = 0
configure:3736: g++ -v >&5
Using built-in specs.
COLLECT_GCC=g++
COLLECT_LTO_WRAPPER=/usr/lib/gcc/x86_64-linux-gnu/11/lto-wrapper
OFFLOAD_TARGET_NAMES=nvptx-none:amdgcn-amdhsa
OFFLOAD_TARGET_DEFAULT=1
Target: x86_64-linux-gnu
Configured with: ../src/configure -v --with-pkgversion='Ubuntu 11.4.0-1ubuntu1~22.04' --with-bugurl=file:///usr/share/doc/gcc-11/README.Bugs --enable-languages=c,ada,c++,go,brig,d,fortran,objc,obj-c++,m2 --prefix=/usr --with-gcc-major-version-only --program-suffix=-11 --program-prefix=x86_64-linux-gnu- --enable-shared --enable-linker-build-id --libexecdir=/usr/lib --without-included-gettext --enable-threads=posix --libdir=/usr/lib --enable-nls --enable-bootstrap --enable-clocale=gnu --enable-libstdcxx-debug --enable-libstdcxx-time=yes --with-default-libstdcxx-abi=new --enable-gnu-unique-object --disable-vtable-verify --enable-plugin --enable-default-pie --with-system-zlib --enable-libphobos-checking=release --with-target-system-zlib=auto --enable-objc-gc=auto --enable-multiarch --disable-werror --enable-cet --with-arch-32=i686 --with-abi=m64 --with-multilib-list=m32,m64,mx32 --enable-multilib --with-tune=generic --enable-offload-targets=nvptx-none=/build/gcc-11-XeT9lY/gcc-11-11.4.0/debian/tmp-nvptx/usr,amdgcn-amdhsa=/build/gcc-11-XeT9lY/gcc-11-11.4.0/debian/tmp-gcn/usr --without-cuda-driver --enable-checking=release --build=x86_64-linux-gnu --host=x86_64-linux-gnu --target=x86_64-linux-gnu --with-build-config=bootstrap-lto-lean --enable-link-serialization=2
Thread model: posix
Supported LTO compression algorithms: zlib zstd
gcc version 11.4.0 (Ubuntu 11.4.0-1ubuntu1~22.04) 
... rest of stderr output deleted ...
configure:3747: $? = 0
configure:3736: g++ -V >&5
g++: error: unrecognized command-line option '-V'
g++: fatal error: no input files
compilation terminated.
configure:3747: $? = 1
configure:3736: g++ -qversion >&5
g++: error: unrecognized command-line option '-qversion'; did you mean '--version'?
g++: fatal error: no input files
compilation terminated.
configure:3747: $? = 1
configure:3767: checking whether the C++ compiler works
configure:3789: g++    conftest.cpp  >&5
configure:3793: $? = 0
configure:3843: result: yes
configure:3846: checking for C++ compiler default output file name
configure:3848: result: a.out
configure:3854: checking for suffix of executables
configure:3861: g++ -o conftest    conftest.cpp  >&5
configure:3865: $? = 0
configure:3888: result: 
configure:3910: checking whether we are cross compiling
configure:3918: g++ -o conftest    conftest.cpp  >&5
configure:3922: $? = 0
configure:3929: ./conftest
configure:3933: $? = 0
configure:3948: result: no
configure:3953: checking for suffix of object files
configure:3976: g++ -c   conftest.cpp >&5
configure:3980: $? = 0
configure:4002: result: o
configure:4006: checking whether the compiler supports GNU C++
configure:4026: g++ -c   conftest.cpp >&5
configure:4026: $? = 0
configure:4036: result: yes
configure:4047: checking whether g++ accepts -g
configure:4068: g++ -c -g  conftest.cpp >&5
configure:4068: $? = 0
configure:4112: result: yes
configure:4132: checking for g++ option to enable C++11 features
configure:4147: g++  -c -g -O2  conftest.cpp >&5
conftest.cpp: In function 'int main(int, char**)':
conftest.cpp:177:25: warning: empty parentheses were disambiguated as a function declaration [-Wvexing-parse]
  177 |   cxx11test::delegate d2();
      |                         ^~
conftest.cpp:177:25: note: remove parentheses to default-initialize a variable
  177 |   cxx11test::delegate d2();
      |                         ^~
      |                         --
conftest.cpp:177:25: note: or replace parentheses with braces to value-initialize a variable
configure:4147: $? = 0
configure:4165: result: none needed
configure:4232: checking whether make supports the include directive
configure:4247: make -f confmf.GNU && cat confinc.out
this is the am__doit target
configure:4250: $? = 0
configure:4269: result: yes (GNU style)
configure:4295: checking dependency style of g++
configure:4407: result: gcc3
configure:4457: checking build system type
configure:4472: result: x86_64-pc-linux-gnu
configure:4492: checking host system type
configure:4506: result: x86_64-pc-linux-gnu
configure:4547: checking how to print strings
configure:4574: result: printf
configure:4657: checking for gcc
configure:4678: found /usr/bin/gcc
configure:4689: result: gcc
configure:5042: checking for C compiler version
configure:5051: gcc --version >&5
gcc (Ubuntu 11.4.0-1ubuntu1~22.04) 11.4.0
Copyright (C) 2021 Free Software Foundation, Inc.
This is free software; see the source for copying conditions.  There is NO
warranty; not even for MERCHANTABILITY or FITNESS FOR A PARTICULAR PURPOSE.

configure:5062: $? = 0
configure:5051: gcc -v >&5
Using built-in specs.
COLLECT_GCC=gcc
COLLECT_LTO_WRAPPER=/usr/lib/gcc/x86_64-linux-gnu/11/lto-wrapper
OFFLOAD_TARGET_NAMES=nvptx-none:amdgcn-amdhsa
OFFLOAD_TARGET_DEFAULT=1
Target: x86_64-linux-gnu
Configured with: ../src/configure -v --with-pkgversion='Ubuntu 11.4.0-1ubuntu1~22.04' --with-bugurl=file:///usr/share/doc/gcc-11/README.Bugs --enable-languages=c,ada,c++,go,brig,d,fortran,objc,obj-c++,m2 --prefix=/usr --with-gcc-major-version-only --program-suffix=-11 --program-prefix=x86_64-linux-gnu- --enable-shared --enable-linker-build-id --libexecdir=/usr/lib --without-included-gettext --enable-threads=posix --libdir=/usr/lib --enable-nls --enable-bootstrap --enable-clocale=gnu --enable-libstdcxx-debug --enable-libstdcxx-time=yes --with-default-libstdcxx-abi=new --enable-gnu-unique-object --disable-vtable-verify --enable-plugin --enable-default-pie --with-system-zlib --enable-libphobos-checking=release --with-target-system-zlib=auto --enable-objc-gc=auto --enable-multiarch --disable-werror --enable-cet --with-arch-32=i686 --with-abi=m64 --with-multilib-list=m32,m64,mx32 --enable-multilib --with-tune=generic --enable-offload-targets=nvptx-none=/build/gcc-11-XeT9lY/gcc-11-11.4.0/debian/tmp-nvptx/usr,amdgcn-amdhsa=/build/gcc-11-XeT9lY/gcc-11-11.4.0/debian/tmp-gcn/usr --without-cuda-driver --enable-checking=release --build=x86_64-linux-gnu --host=x86_64-linux-gnu --target=x86_64-linux-gnu --with-build-config=bootstrap-lto-lean --enable-link-serialization=2
Thread model: posix
Supported LTO compression algorithms: zlib zstd
gcc version 11.4.0 (Ubuntu 11.4.0-1ubuntu1~22.04) 
... rest of stderr output deleted ...
configure:5062: $? = 0
configure:5051: gcc -V >&5
gcc: error: unrecognized command-line option '-V'
gcc: fatal error: no input files
compilation terminated.
configure:5062: $? = 1
configure:5051: gcc -qversion >&5
gcc: error: unrecognized command-line option '-qversion'; did you mean '--version'?
gcc: fatal error: no input files
compilation terminated.
configure:5062: $? = 1
configure:5051: gcc -version >&5
gcc: error: unrecognized command-line option '-version'
gcc: fatal error: no input files
compilation terminated.
configure:5062: $? = 1
configure:5066: checking whether the compiler supports GNU C
configure:5086: gcc -c   conftest.c >&5
configure:5086: $? = 0
configure:5096: result: yes
configure:5107: checking whether gcc accepts -g
configure:5128: gcc -c -g  conftest.c >&5
configure:5128: $? = 0
configure:5172: result: yes
configure:5192: checking for gcc option to enable C11 features
configure:5207: gcc  -c -g -O2  conftest.c >&5
configure:5207: $? = 0
configure:5225: result: none needed
configure:5341: checking whether gcc understands -c and -o together
configure:5364: gcc -c conftest.c -o conftest2.o
configure:5367: $? = 0
configure:5364: gcc -c conftest.c -o conftest2.o
configure:5367: $? = 0
configure:5379: result: yes
configure:5398: checking dependency style of gcc
configure:5510: result: gcc3
configure:5525: checking for a sed that does not truncate output
configure:5595: result: /usr/bin/sed
configure:5613: checking for grep that handles long lines and -e
configure:5677: result: /usr/bin/grep
configure:5682: checking for egrep
configure:5750: result: /usr/bin/grep -E
configure:5755: checking for fgrep
configure:5823: result: /usr/bin/grep -F
configure:5859: checking for ld used by gcc
configure:5927: result: /usr/bin/ld
configure:5934: checking if the linker (/usr/bin/ld) is GNU ld
configure:5950: result: yes
configure:5962: checking for BSD- or MS-compatible name lister (nm)
configure:6017: result: /usr/bin/nm -B
configure:6157: checking the name lister (/usr/bin/nm -B) interface
configure:6165: gcc -c -g -O2  conftest.c >&5
configure:6168: /usr/bin/nm -B "conftest.o"
configure:6171: output
0000000000000000 B some_variable
configure:6178: result: BSD nm
configure:6181: checking whether ln -s works
configure:6185: result: yes
configure:6193: checking the maximum length of command line arguments
configure:6325: result: 1572864
configure:6373: checking how to convert x86_64-pc-linux-gnu file names to x86_64-pc-linux-gnu format
configure:6414: result: func_convert_file_noop
configure:6421: checking how to convert x86_64-pc-linux-gnu file names to toolchain format
configure:6442: result: func_convert_file_noop
configure:6449: checking for /usr/bin/ld option to reload object files
configure:6457: result: -r
configure:6536: checking for objdump
configure:6557: found /usr/bin/objdump
configure:6568: result: objdump
configure:6600: checking how to recognize dependent libraries
configure:6801: result: pass_all
configure:6891: checking for dlltool
configure:6926: result: no
configure:6956: checking how to associate runtime and link libraries
configure:6984: result: printf %s\n
configure:7050: checking for ar
configure:7071: found /usr/bin/ar
configure:7082: result: ar
configure:7119: checking for archiver @FILE support
configure:7137: gcc -c -g -O2  conftest.c >&5
configure:7137: $? = 0
configure:7141: ar cr libconftest.a @conftest.lst >&5
configure:7144: $? = 0
configure:7149: ar cr libconftest.a @conftest.lst >&5
ar: conftest.o: No such file or directory
configure:7152: $? = 1
configure:7164: result: @
configure:7227: checking for strip
configure:7248: found /usr/bin/strip
configure:7259: result: strip
configure:7336: checking for ranlib
configure:7357: found /usr/bin/ranlib
configure:7368: result: ranlib
configure:7470: checking command to parse /usr/bin/nm -B output from gcc object
configure:7624: gcc -c -g -O2  conftest.c >&5
configure:7627: $? = 0
configure:7631: /usr/bin/nm -B conftest.o | sed -n -e 's/^.*[	 ]\([ABCDGIRSTW][ABCDGIRSTW]*\)[	 ][	 ]*\([_A-Za-z][_A-Za-z0-9]*\)$/\1 \2 \2/p' | sed '/ __gnu_lto/d' > conftest.nm
configure:7697: gcc -o conftest -g -O2   conftest.c conftstm.o >&5
configure:7700: $? = 0
configure:7738: result: ok
configure:7785: checking for sysroot
configure:7816: result: no
configure:7823: checking for a working dd
configure:7867: result: /usr/bin/dd
configure:7871: checking how to truncate binary pipes
configure:7887: result: /usr/bin/dd bs=4096 count=1
configure:8024: gcc -c -g -O2  conftest.c >&5
configure:8027: $? = 0
configure:8224: checking for mt
configure:8245: found /usr/bin/mt
configure:8256: result: mt
configure:8279: checking if mt is a manifest tool
configure:8286: mt '-?'
configure:8294: result: no
configure:9024: checking for stdio.h
configure:9024: gcc -c -g -O2  conftest.c >&5
configure:9024: $? = 0
configure:9024: result: yes
configure:9024: checking for stdlib.h
configure:9024: gcc -c -g -O2  conftest.c >&5
configure:9024: $? = 0
configure:9024: result: yes
configure:9024: checking for string.h
configure:9024: gcc -c -g -O2  conftest.c >&5
configure:9024: $? = 0
configure:9024: result: yes
configure:9024: checking for inttypes.h
configure:9024: gcc -c -g -O2  conftest.c >&5
configure:9024: $? = 0
configure:9024: result: yes
configure:9024: checking for stdint.h
configure:9024: gcc -c -g -O2  conftest.c >&5
configure:9024: $? = 0
configure:9024: result: yes
configure:9024: checking for strings.h
configure:9024: gcc -c -g -O2  conftest.c >&5
configure:9024: $? = 0
configure:9024: result: yes
configure:9024: checking for sys/stat.h
configure:9024: gcc -c -g -O2  conftest.c >&5
configure:9024: $? = 0
configure:9024: result: yes
configure:9024: checking for sys/types.h
configure:9024: gcc -c -g -O2  conftest.c >&5
configure:9024: $? = 0
configure:9024: result: yes
configure:9024: checking for unistd.h
configure:9024: gcc -c -g -O2  conftest.c >&5
configure:9024: $? = 0
configure:9024: result: yes
configure:9049: checking for dlfcn.h
configure:9049: gcc -c -g -O2  conftest.c >&5
configure:9049: $? = 0
configure:9049: result: yes
configure:9319: checking for objdir
configure:9335: result: .libs
configure:9595: checking if gcc supports -fno-rtti -fno-exceptions
configure:9614: gcc -c -g -O2  -fno-rtti -fno-exceptions conftest.c >&5
cc1: warning: command-line option '-fno-rtti' is valid for C++/D/ObjC++ but not for C
configure:9618: $? = 0
configure:9631: result: no
configure:9995: checking for gcc option to produce PIC
configure:10003: result: -fPIC -DPIC
configure:10011: checking if gcc PIC flag -fPIC -DPIC works
configure:10030: gcc -c -g -O2  -fPIC -DPIC -DPIC conftest.c >&5
configure:10034: $? = 0
configure:10047: result: yes
configure:10076: checking if gcc static flag -static works
configure:10105: result: yes
configure:10120: checking if gcc supports -c -o file.o
configure:10142: gcc -c -g -O2  -o out/conftest2.o conftest.c >&5
configure:10146: $? = 0
configure:10168: result: yes
configure:10176: checking if gcc supports -c -o file.o
configure:10224: result: yes
configure:10257: checking whether the gcc linker (/usr/bin/ld -m elf_x86_64) supports shared libraries
configure:11527: result: yes
configure:11564: checking whether -lc should be explicitly linked in
configure:11573: gcc -c -g -O2  conftest.c >&5
configure:11576: $? = 0
configure:11591: gcc -shared  -fPIC -DPIC conftest.o  -v -Wl,-soname -Wl,conftest -o conftest 2\>\&1 \| /usr/bin/grep  -lc  \>/dev/null 2\>\&1
configure:11594: $? = 0
configure:11608: result: no
configure:11768: checking dynamic linker characteristics
configure:12350: gcc -o conftest -g -O2   -Wl,-rpath -Wl,/foo conftest.c  >&5
configure:12350: $? = 0
configure:12601: result: GNU/Linux ld.so
configure:12723: checking how to hardcode library paths into programs
configure:12748: result: immediate
configure:13300: checking whether stripping libraries is possible
configure:13305: result: yes
configure:13340: checking if libtool supports shared libraries
configure:13342: result: yes
configure:13345: checking whether to build shared libraries
configure:13370: result: yes
configure:13373: checking whether to build static libraries
configure:13377: result: yes
configure:13400: checking how to run the C++ preprocessor
configure:13422: g++ -E  conftest.cpp
configure:13422: $? = 0
configure:13437: g++ -E  conftest.cpp
conftest.cpp:23:10: fatal error: ac_nonexistent.h: No such file or directory
   23 | #include <ac_nonexistent.h>
      |          ^~~~~~~~~~~~~~~~~~
compilation terminated.
configure:13437: $? = 1
configure: failed program was:
| /* confdefs.h */
| #define PACKAGE_NAME "CheckMATE"
| #define PACKAGE_TARNAME "checkmate"
| #define PACKAGE_VERSION "2.0.0"
| #define PACKAGE_STRING "CheckMATE 2.0.0"
| #define PACKAGE_BUGREPORT "daschm@uni-bonn.de"
| #define PACKAGE_URL ""
| #define PACKAGE "checkmate"
| #define VERSION "2.0.0"
| #define HAVE_STDIO_H 1
| #define HAVE_STDLIB_H 1
| #define HAVE_STRING_H 1
| #define HAVE_INTTYPES_H 1
| #define HAVE_STDINT_H 1
| #define HAVE_STRINGS_H 1
| #define HAVE_SYS_STAT_H 1
| #define HAVE_SYS_TYPES_H 1
| #define HAVE_UNISTD_H 1
| #define STDC_HEADERS 1
| #define HAVE_DLFCN_H 1
| #define LT_OBJDIR ".libs/"
| /* end confdefs.h.  */
| #include <ac_nonexistent.h>
configure:13464: result: g++ -E
configure:13478: g++ -E  conftest.cpp
configure:13478: $? = 0
configure:13493: g++ -E  conftest.cpp
conftest.cpp:23:10: fatal error: ac_nonexistent.h: No such file or directory
   23 | #include <ac_nonexistent.h>
      |          ^~~~~~~~~~~~~~~~~~
compilation terminated.
configure:13493: $? = 1
configure: failed program was:
| /* confdefs.h */
| #define PACKAGE_NAME "CheckMATE"
| #define PACKAGE_TARNAME "checkmate"
| #define PACKAGE_VERSION "2.0.0"
| #define PACKAGE_STRING "CheckMATE 2.0.0"
| #define PACKAGE_BUGREPORT "daschm@uni-bonn.de"
| #define PACKAGE_URL ""
| #define PACKAGE "checkmate"
| #define VERSION "2.0.0"
| #define HAVE_STDIO_H 1
| #define HAVE_STDLIB_H 1
| #define HAVE_STRING_H 1
| #define HAVE_INTTYPES_H 1
| #define HAVE_STDINT_H 1
| #define HAVE_STRINGS_H 1
| #define HAVE_SYS_STAT_H 1
| #define HAVE_SYS_TYPES_H 1
| #define HAVE_UNISTD_H 1
| #define STDC_HEADERS 1
| #define HAVE_DLFCN_H 1
| #define LT_OBJDIR ".libs/"
| /* end confdefs.h.  */
| #include <ac_nonexistent.h>
configure:13658: checking for ld used by g++
configure:13726: result: /usr/bin/ld -m elf_x86_64
configure:13733: checking if the linker (/usr/bin/ld -m elf_x86_64) is GNU ld
configure:13749: result: yes
configure:13804: checking whether the g++ linker (/usr/bin/ld -m elf_x86_64) supports shared libraries
configure:14881: result: yes
configure:14917: g++ -c -g -O2  conftest.cpp >&5
configure:14920: $? = 0
configure:15401: checking for g++ option to produce PIC
configure:15409: result: -fPIC -DPIC
configure:15417: checking if g++ PIC flag -fPIC -DPIC works
configure:15436: g++ -c -g -O2  -fPIC -DPIC -DPIC conftest.cpp >&5
configure:15440: $? = 0
configure:15453: result: yes
configure:15476: checking if g++ static flag -static works
configure:15505: result: yes
configure:15517: checking if g++ supports -c -o file.o
configure:15539: g++ -c -g -O2  -o out/conftest2.o conftest.cpp >&5
configure:15543: $? = 0
configure:15565: result: yes
configure:15570: checking if g++ supports -c -o file.o
configure:15618: result: yes
configure:15648: checking whether the g++ linker (/usr/bin/ld -m elf_x86_64) supports shared libraries
configure:15691: result: yes
configure:15833: checking dynamic linker characteristics
configure:16593: result: GNU/Linux ld.so
configure:16658: checking how to hardcode library paths into programs
configure:16683: result: immediate
configure:16754: checking for egrep
configure:16822: result: /usr/bin/grep -E
configure:16828: checking for iostream
configure:16828: g++ -c -g -O2  conftest.cpp >&5
configure:16828: $? = 0
configure:16828: result: yes
configure:16835: checking for ostream
configure:16835: g++ -c -g -O2  conftest.cpp >&5
configure:16835: $? = 0
configure:16835: result: yes
configure:16842: checking for fstream
configure:16842: g++ -c -g -O2  conftest.cpp >&5
configure:16842: $? = 0
configure:16842: result: yes
configure:16851: checking whether g++ supports C++11 features by default
configure:16876: g++ -c -g -O2  conftest.cpp >&5
configure:16876: $? = 0
configure:16884: result: yes
configure:16997: checking for HepMC location
configure:17014: result: /home/pawan/HEPTools/HepMC/HepMC-2.06.11
configure:17030: checking for HepMC/HepMCDefs.h
configure:17030: g++ -c -g -O2  -I/home/pawan/HEPTools/HepMC/HepMC-2.06.11/include conftest.cpp >&5
configure:17030: $? = 0
configure:17030: result: yes
configure:17042: checking for HepMC/IO_GenEvent.h
configure:17042: g++ -c -g -O2  -I/home/pawan/HEPTools/HepMC/HepMC-2.06.11/include conftest.cpp >&5
configure:17042: $? = 0
configure:17042: result: yes
configure:17082: checking for Pythia8 location
configure:17099: result: /home/pawan/HEPTools/PYTHIA/pythia8245
configure:17107: checking for gzip include (optional)
configure:17119: result: not found
configure:17126: checking for gzip library (optional)
configure:17138: result: not found
configure:17153: result: 
configure:17163: checking for Pythia8/Pythia.h
configure:17163: g++ -c -g -O2  -I/home/pawan/HEPTools/PYTHIA/pythia8245/include -I/home/pawan/HEPTools/HepMC/HepMC-2.06.11/include conftest.cpp >&5
configure:17163: $? = 0
configure:17163: result: yes
configure:17176: checking for Pythia8Plugins/HepMC2.h
configure:17176: g++ -c -g -O2  -I/home/pawan/HEPTools/PYTHIA/pythia8245/include -I/home/pawan/HEPTools/HepMC/HepMC-2.06.11/include conftest.cpp >&5
configure:17176: $? = 0
configure:17176: result: yes
configure:17229: checking for python
configure:17239: checking for python
configure:17262: found /home/pawan/miniforge3/envs/hep/bin/python
configure:17275: result: /home/pawan/miniforge3/envs/hep/bin/python
configure:17283: result: /home/pawan/miniforge3/envs/hep/bin/python
configure:17295: checking whether /home/pawan/miniforge3/envs/hep/bin/python version is >= 2.7.3
configure:17306: /home/pawan/miniforge3/envs/hep/bin/python -c import sys # split strings by '.' and convert to numeric. Append some zeros # because we need at least 4 digits for the hex conversion. # map returns an iterator in Python 3.0 and a list in 2.x minver = list(map(int, '2.7.3'.split('.'))) + [0, 0, 0] minverhex = 0 # xrange is not present in Python 3.0 and range returns an iterator for i in list(range(0, 4)): minverhex = (minverhex << 8) + minver[i] sys.exit(sys.hexversion < minverhex)
configure:17309: $? = 0
configure:17312: result: yes
configure:17411: checking for /home/pawan/miniforge3/envs/hep/bin/python version
configure:17419: result: 3.8
configure:17424: checking for /home/pawan/miniforge3/envs/hep/bin/python platform
configure:17432: result: linux
configure:17493: checking for GNU default /home/pawan/miniforge3/envs/hep/bin/python prefix
configure:17495: result: ${prefix}
configure:17561: checking for GNU default /home/pawan/miniforge3/envs/hep/bin/python exec_prefix
configure:17563: result: ${exec_prefix}
configure:17594: checking for /home/pawan/miniforge3/envs/hep/bin/python script directory (pythondir)
configure:17636: result: ${PYTHON_PREFIX}/lib/python3.8/site-packages
configure:17644: checking for /home/pawan/miniforge3/envs/hep/bin/python extension module directory (pyexecdir)
configure:17686: result: ${PYTHON_EXEC_PREFIX}/lib/python3.8/site-packages
configure:17716: checking for root-config
configure:17739: found /home/pawan/HEPTools/ROOT/install/bin/root-config
configure:17752: result: /home/pawan/HEPTools/ROOT/install/bin/root-config
configure:17762: checking for root
configure:17785: found /home/pawan/HEPTools/ROOT/install/bin/root
configure:17798: result: /home/pawan/HEPTools/ROOT/install/bin/root
configure:17808: checking for rootcint
configure:17831: found /home/pawan/HEPTools/ROOT/install/bin/rootcint
configure:17844: result: /home/pawan/HEPTools/ROOT/install/bin/rootcint
configure:17871: checking whether ROOT version >= 5.20
configure:17880: result: yes
configure:17926: checking for Delphes location
configure:17944: result: /home/pawan/HEPTools/DELPHES/delphes
configure:17957: checking for classes/DelphesClasses.h
configure:17957: g++ -c -g -O2  -I/home/pawan/HEPTools/PYTHIA/pythia8245/include -I/home/pawan/HEPTools/HepMC/HepMC-2.06.11/include -I/home/pawan/HEPTools/DELPHES/delphes -I/home/pawan/HEPTools/DELPHES/delphes/external -I/home/pawan/HEPTools/ROOT/install/include conftest.cpp >&5
configure:17957: $? = 0
configure:17957: result: yes
configure:17988: checking for MadGraph location
configure:18004: result: /home/pawan/HEPTools/MADGRAPH/MG5_aMC_v3_5_1
configure:18011: checking for /home/pawan/HEPTools/MADGRAPH/MG5_aMC_v3_5_1/bin/mg5_aMC
configure:18026: result: yes
configure:18047: checking for ONNX location
configure:18062: result: not found
configure:18231: checking that generated files are newer than configure
configure:18237: result: done
configure:18292: creating ./config.status

## ---------------------- ##
## Running config.status. ##
## ---------------------- ##

This file was extended by CheckMATE config.status 2.0.0, which was
generated by GNU Autoconf 2.71.  Invocation command line was

  CONFIG_FILES    = 
  CONFIG_HEADERS  = 
  CONFIG_LINKS    = 
  CONFIG_COMMANDS = 
  $ ./config.status 

on Pawan-Ubuntu

config.status:1134: creating Makefile
config.status:1134: creating tools/analysis/Makefile
config.status:1134: creating tools/fritz/Makefile
config.status:1306: executing depfiles commands
config.status:1383: cd tools/analysis       && sed -e '/# am--include-marker/d' Makefile         | make -f - am--depfiles
config.status:1388: $? = 0
config.status:1383: cd tools/fritz       && sed -e '/# am--include-marker/d' Makefile         | make -f - am--depfiles
config.status:1388: $? = 0
config.status:1306: executing libtool commands
configure:20515: result: 
configure:20517: === Downloading external resources ===
configure:20612: result: 
configure:20616: result: 
configure:20618: result: === Subconfigurations Done ===
configure:20620: result: Configuration of CheckMATE finished. Run 'make' to compile. If you have more than one core, you can use -j2 or even -j4 to speed up the compilation process.
configure:20622: result: 

## ---------------- ##
## Cache variables. ##
## ---------------- ##

ac_cv_build=x86_64-pc-linux-gnu
ac_cv_c_compiler_gnu=yes
ac_cv_cxx_compiler_gnu=yes
ac_cv_env_CCC_set=
ac_cv_env_CCC_value=
ac_cv_env_CC_set=
ac_cv_env_CC_value=
ac_cv_env_CFLAGS_set=
ac_cv_env_CFLAGS_value=
ac_cv_env_CPPFLAGS_set=
ac_cv_env_CPPFLAGS_value=
ac_cv_env_CXXCPP_set=
ac_cv_env_CXXCPP_value=
ac_cv_env_CXXFLAGS_set=
ac_cv_env_CXXFLAGS_value=
ac_cv_env_CXX_set=
ac_cv_env_CXX_value=
ac_cv_env_LDFLAGS_set=
ac_cv_env_LDFLAGS_value=
ac_cv_env_LIBS_set=
ac_cv_env_LIBS_value=
ac_cv_env_LT_SYS_LIBRARY_PATH_set=
ac_cv_env_LT_SYS_LIBRARY_PATH_value=
ac_cv_env_PYTHON_set=
ac_cv_env_PYTHON_value=
ac_cv_env_build_alias_set=
ac_cv_env_build_alias_value=
ac_cv_env_host_alias_set=
ac_cv_env_host_alias_value=
ac_cv_env_target_alias_set=
ac_cv_env_target_alias_value=
ac_cv_file__home_pawan_HEPTools_MADGRAPH_MG5_aMC_v3_5_1_bin_mg5_aMC=yes
ac_cv_header_HepMC_HepMCDefs_h=yes
ac_cv_header_HepMC_IO_GenEvent_h=yes
ac_cv_header_Pythia8Plugins_HepMC2_h=yes
ac_cv_header_Pythia8_Pythia_h=yes
ac_cv_header_classes_DelphesClasses_h=yes
ac_cv_header_dlfcn_h=yes
ac_cv_header_fstream=yes
ac_cv_header_inttypes_h=yes
ac_cv_header_iostream=yes
ac_cv_header_ostream=yes
ac_cv_header_stdint_h=yes
ac_cv_header_stdio_h=yes
ac_cv_header_stdlib_h=yes
ac_cv_header_string_h=yes
ac_cv_header_strings_h=yes
ac_cv_header_sys_stat_h=yes
ac_cv_header_sys_types_h=yes
ac_cv_header_unistd_h=yes
ac_cv_host=x86_64-pc-linux-gnu
ac_cv_objext=o
ac_cv_path_EGREP='/usr/bin/grep -E'
ac_cv_path_FGREP='/usr/bin/grep -F'
ac_cv_path_GREP=/usr/bin/grep
ac_cv_path_PYTHON=/home/pawan/miniforge3/envs/hep/bin/python
ac_cv_path_ROOTCINT=/home/pawan/HEPTools/ROOT/install/bin/rootcint
ac_cv_path_ROOTCONF=/home/pawan/HEPTools/ROOT/install/bin/root-config
ac_cv_path_ROOTEXEC=/home/pawan/HEPTools/ROOT/install/bin/root
ac_cv_path_SED=/usr/bin/sed
ac_cv_path_install='/usr/bin/install -c'
ac_cv_path_lt_DD=/usr/bin/dd
ac_cv_path_mkdir=/usr/bin/mkdir
ac_cv_prog_AWK=mawk
ac_cv_prog_CXXCPP='g++ -E'
ac_cv_prog_ac_ct_AR=ar
ac_cv_prog_ac_ct_CC=gcc
ac_cv_prog_ac_ct_CXX=g++
ac_cv_prog_ac_ct_MANIFEST_TOOL=mt
ac_cv_prog_ac_ct_OBJDUMP=objdump
ac_cv_prog_ac_ct_RANLIB=ranlib
ac_cv_prog_ac_ct_STRIP=strip
ac_cv_prog_cc_c11=
ac_cv_prog_cc_g=yes
ac_cv_prog_cc_stdc=
ac_cv_prog_cxx_11=no
ac_cv_prog_cxx_cxx11=
ac_cv_prog_cxx_g=yes
ac_cv_prog_cxx_stdcxx=
ac_cv_prog_make_make_set=yes
am_cv_CC_dependencies_compiler_type=gcc3
am_cv_CXX_dependencies_compiler_type=gcc3
am_cv_make_support_nested_variables=yes
am_cv_prog_cc_c_o=yes
am_cv_python_platform=linux
am_cv_python_pyexecdir='${PYTHON_EXEC_PREFIX}/lib/python3.8/site-packages'
am_cv_python_pythondir='${PYTHON_PREFIX}/lib/python3.8/site-packages'
am_cv_python_version=3.8
ax_cv_cxx_compile_cxx11=yes
lt_cv_ar_at_file=@
lt_cv_archive_cmds_need_lc=no
lt_cv_deplibs_check_method=pass_all
lt_cv_file_magic_cmd='$MAGIC_CMD'
lt_cv_file_magic_test_file=
lt_cv_ld_reload_flag=-r
lt_cv_nm_interface='BSD nm'
lt_cv_objdir=.libs
lt_cv_path_LD=/usr/bin/ld
lt_cv_path_LDCXX='/usr/bin/ld -m elf_x86_64'
lt_cv_path_NM='/usr/bin/nm -B'
lt_cv_path_mainfest_tool=no
lt_cv_prog_compiler_c_o=yes
lt_cv_prog_compiler_c_o_CXX=yes
lt_cv_prog_compiler_pic='-fPIC -DPIC'
lt_cv_prog_compiler_pic_CXX='-fPIC -DPIC'
lt_cv_prog_compiler_pic_works=yes
lt_cv_prog_compiler_pic_works_CXX=yes
lt_cv_prog_compiler_rtti_exceptions=no
lt_cv_prog_compiler_static_works=yes
lt_cv_prog_compiler_static_works_CXX=yes
lt_cv_prog_gnu_ld=yes
lt_cv_prog_gnu_ldcxx=yes
lt_cv_sharedlib_from_linklib_cmd='printf %s\n'
lt_cv_shlibpath_overrides_runpath=yes
lt_cv_sys_global_symbol_pipe='sed -n -e '\''s/^.*[	 ]\([ABCDGIRSTW][ABCDGIRSTW]*\)[	 ][	 ]*\([_A-Za-z][_A-Za-z0-9]*\)$/\1 \2 \2/p'\'' | sed '\''/ __gnu_lto/d'\'''
lt_cv_sys_global_symbol_to_c_name_address='sed -n -e '\''s/^: \(.*\) .*$/  {"\1", (void *) 0},/p'\'' -e '\''s/^[ABCDGIRSTW][ABCDGIRSTW]* .* \(.*\)$/  {"\1", (void *) \&\1},/p'\'''
lt_cv_sys_global_symbol_to_c_name_address_lib_prefix='sed -n -e '\''s/^: \(.*\) .*$/  {"\1", (void *) 0},/p'\'' -e '\''s/^[ABCDGIRSTW][ABCDGIRSTW]* .* \(lib.*\)$/  {"\1", (void *) \&\1},/p'\'' -e '\''s/^[ABCDGIRSTW][ABCDGIRSTW]* .* \(.*\)$/  {"lib\1", (void *) \&\1},/p'\'''
lt_cv_sys_global_symbol_to_cdecl='sed -n -e '\''s/^T .* \(.*\)$/extern int \1();/p'\'' -e '\''s/^[ABCDGIRSTW][ABCDGIRSTW]* .* \(.*\)$/extern char \1;/p'\'''
lt_cv_sys_global_symbol_to_import=
lt_cv_sys_max_cmd_len=1572864
lt_cv_to_host_file_cmd=func_convert_file_noop
lt_cv_to_tool_file_cmd=func_convert_file_noop
lt_cv_truncate_bin='/usr/bin/dd bs=4096 count=1'

## ----------------- ##
## Output variables. ##
## ----------------- ##

ACLOCAL='${SHELL} '\''/home/pawan/HEPTools/CHECKMATE/currentworking/checkmate2/missing'\'' aclocal-1.16'
AMDEPBACKSLASH='\'
AMDEP_FALSE='#'
AMDEP_TRUE=''
AMTAR='$${TAR-tar}'
AM_BACKSLASH='\'
AM_DEFAULT_V='$(AM_DEFAULT_VERBOSITY)'
AM_DEFAULT_VERBOSITY='1'
AM_V='$(V)'
AR='ar'
AUTOCONF='${SHELL} '\''/home/pawan/HEPTools/CHECKMATE/currentworking/checkmate2/missing'\'' autoconf'
AUTOHEADER='${SHELL} '\''/home/pawan/HEPTools/CHECKMATE/currentworking/checkmate2/missing'\'' autoheader'
AUTOMAKE='${SHELL} '\''/home/pawan/HEPTools/CHECKMATE/currentworking/checkmate2/missing'\'' automake-1.16'
AWK='mawk'
CC='gcc'
CCDEPMODE='depmode=gcc3'
CFLAGS='-g -O2'
CPPFLAGS=' -I/home/pawan/HEPTools/PYTHIA/pythia8245/include -I/home/pawan/HEPTools/HepMC/HepMC-2.06.11/include -I/home/pawan/HEPTools/DELPHES/delphes -I/home/pawan/HEPTools/DELPHES/delphes/external -I/home/pawan/HEPTools/ROOT/install/include'
CREATE_HEPMC=''
CSCOPE='cscope'
CTAGS='ctags'
CXX='g++'
CXXCPP='g++ -E'
CXXDEPMODE='depmode=gcc3'
CXXFLAGS='-g -O2'
CYGPATH_W='echo'
DEFS='-DPACKAGE_NAME=\"CheckMATE\" -DPACKAGE_TARNAME=\"checkmate\" -DPACKAGE_VERSION=\"2.0.0\" -DPACKAGE_STRING=\"CheckMATE\ 2.0.0\" -DPACKAGE_BUGREPORT=\"daschm@uni-bonn.de\" -DPACKAGE_URL=\"\" -DPACKAGE=\"checkmate\" -DVERSION=\"2.0.0\" -DHAVE_STDIO_H=1 -DHAVE_STDLIB_H=1 -DHAVE_STRING_H=1 -DHAVE_INTTYPES_H=1 -DHAVE_STDINT_H=1 -DHAVE_STRINGS_H=1 -DHAVE_SYS_STAT_H=1 -DHAVE_SYS_TYPES_H=1 -DHAVE_UNISTD_H=1 -DSTDC_HEADERS=1 -DHAVE_DLFCN_H=1 -DLT_OBJDIR=\".libs/\" -DHAVE_IOSTREAM=1 -DHAVE_OSTREAM=1 -DHAVE_FSTREAM=1 -DHAVE_HEPMC_HEPMCDEFS_H=1 -DHAVE_HEPMC_IO_GENEVENT_H=1 -DHAVE_PYTHIA8_PYTHIA_H=1 -DHAVE_PYTHIA8PLUGINS_HEPMC2_H=1 -DHAVE_CLASSES_DELPHESCLASSES_H=1'
DELPHESCFLAGS='-I/home/pawan/HEPTools/DELPHES/delphes -I/home/pawan/HEPTools/DELPHES/delphes/external'
DELPHESINCLUDE=''
DELPHESLIBDIR='/home/pawan/HEPTools/DELPHES/delphes'
DELPHESLIBS='-lEG -lDelphes'
DEPDIR='.deps'
DLLTOOL='false'
DSYMUTIL=''
DUMPBIN=''
DYLD_LIBRARY_PATH='/home/pawan/HEPTools/ROOT/install/lib'
ECHO_C=''
ECHO_N='-n'
ECHO_T=''
EGREP='/usr/bin/grep -E'
ETAGS='etags'
EXEEXT=''
FGREP='/usr/bin/grep -F'
GREP='/usr/bin/grep'
GZIPINC=''
GZIPLIB=''
HAVE_DELPHES_FALSE='#'
HAVE_DELPHES_TRUE=''
HAVE_GZIPINC_FALSE=''
HAVE_GZIPINC_TRUE='#'
HAVE_GZIPLIB_FALSE=''
HAVE_GZIPLIB_TRUE='#'
HAVE_HEPMC_FALSE='#'
HAVE_HEPMC_TRUE=''
HAVE_MADGRAPH_FALSE='#'
HAVE_MADGRAPH_TRUE=''
HAVE_ONNX_FALSE=''
HAVE_ONNX_TRUE='#'
HAVE_PYTHIA_FALSE='#'
HAVE_PYTHIA_TRUE=''
HEPMCINCLUDE='-I/home/pawan/HEPTools/HepMC/HepMC-2.06.11/include'
HEPMCLIBDIR='/home/pawan/HEPTools/HepMC/HepMC-2.06.11/lib'
HEPMCLIBS='-L/home/pawan/HEPTools/HepMC/HepMC-2.06.11/lib -lHepMCfio -lHepMC'
INSTALL_DATA='${INSTALL} -m 644'
INSTALL_PROGRAM='${INSTALL}'
INSTALL_SCRIPT='${INSTALL}'
INSTALL_STRIP_PROGRAM='$(install_sh) -c -s'
LD='/usr/bin/ld -m elf_x86_64'
LDFLAGS=''
LD_LIBRARY_PATH='/home/pawan/HEPTools/ROOT/install/lib'
LD_RUN_PATH=''
LIBOBJS=''
LIBS=' -L/home/pawan/HEPTools/HepMC/HepMC-2.06.11/lib -lHepMCfio -lHepMC -L/home/pawan/HEPTools/PYTHIA/pythia8245/lib -lpythia8 -ldl -lm -lz -L/home/pawan/HEPTools/DELPHES/delphes -L/home/pawan/HEPTools/ROOT/install/lib -lGui -lCore -lImt -lRIO -lNet -lHist -lGraf -lGraf3d -lGpad -lROOTVecOps -lTree -lTreePlayer -lRint -lPostscript -lMatrix -lPhysics -lMathCore -lThread -lMultiProc -lROOTDataFrame -lCore -lImt -lRIO -lNet -lHist -lGraf -lGraf3d -lGpad -lROOTVecOps -lTree -lTreePlayer -lRint -lPostscript -lMatrix -lPhysics -lMathCore -lThread -lMultiProc -lROOTDataFrame -lEG -lDelphes'
LIBTOOL='$(SHELL) $(top_builddir)/libtool'
LIPO=''
LN_S='ln -s'
LOAD_HEPMC=''
LTLIBOBJS=''
LT_SYS_LIBRARY_PATH=''
MADGRAPHDIR='/home/pawan/HEPTools/MADGRAPH/MG5_aMC_v3_5_1'
MAKEINFO='${SHELL} '\''/home/pawan/HEPTools/CHECKMATE/currentworking/checkmate2/missing'\'' makeinfo'
MANIFEST_TOOL=':'
MKDIR_P='/usr/bin/mkdir -p'
NM='/usr/bin/nm -B'
NMEDIT=''
OBJDUMP='objdump'
OBJEXT='o'
ONNXINCLUDE=''
ONNXLIBDIR=''
ONNXLIBS=''
OTOOL64=''
OTOOL=''
PACKAGE='checkmate'
PACKAGE_BUGREPORT='daschm@uni-bonn.de'
PACKAGE_NAME='CheckMATE'
PACKAGE_STRING='CheckMATE 2.0.0'
PACKAGE_TARNAME='checkmate'
PACKAGE_URL=''
PACKAGE_VERSION='2.0.0'
PATH_SEPARATOR=':'
PYTHIAINCLUDE='-I/home/pawan/HEPTools/PYTHIA/pythia8245/include'
PYTHIALIBDIR='/home/pawan/HEPTools/PYTHIA/pythia8245/lib'
PYTHIALIBS='-L/home/pawan/HEPTools/PYTHIA/pythia8245/lib -lpythia8 -ldl -lm -lz'
PYTHON='/home/pawan/miniforge3/envs/hep/bin/python'
PYTHON_EXEC_PREFIX='${exec_prefix}'
PYTHON_PLATFORM='linux'
PYTHON_PREFIX='${prefix}'
PYTHON_VERSION='3.8'
RANLIB='ranlib'
ROOTAUXCFLAGS='-pthread -std=c++17 -m64'
ROOTAUXLIBS='-Wl,-rpath,/home/pawan/HEPTools/ROOT/install/lib -pthread -lm -ldl -rdynamic'
ROOTCFLAGS='-I/home/pawan/HEPTools/ROOT/install/include'
ROOTCINT='/home/pawan/HEPTools/ROOT/install/bin/rootcint'
ROOTCONF='/home/pawan/HEPTools/ROOT/install/bin/root-config'
ROOTETCDIR='/home/pawan/HEPTools/ROOT/install/etc'
ROOTEXEC='/home/pawan/HEPTools/ROOT/install/bin/root'
ROOTGLIBS='-lGui -lCore -lImt -lRIO -lNet -lHist -lGraf -lGraf3d -lGpad -lROOTVecOps -lTree -lTreePlayer -lRint -lPostscript -lMatrix -lPhysics -lMathCore -lThread -lMultiProc -lROOTDataFrame'
ROOTINCDIR='/home/pawan/HEPTools/ROOT/install/include'
ROOTLIBDIR='/home/pawan/HEPTools/ROOT/install/lib'
ROOTLIBS='-lCore -lImt -lRIO -lNet -lHist -lGraf -lGraf3d -lGpad -lROOTVecOps -lTree -lTreePlayer -lRint -lPostscript -lMatrix -lPhysics -lMathCore -lThread -lMultiProc -lROOTDataFrame'
ROOTRPATH='/home/pawan/HEPTools/ROOT/install/lib'
ROOTSOVERSION='.'
ROOTSYS='/home/pawan/HEPTools/ROOT/install'
ROOTSYSTEM='/home/pawan/HEPTools/ROOT/install'
ROOTVERSION='6.31.01'
SED='/usr/bin/sed'
SET_MAKE=''
SHELL='/bin/bash'
STRIP='strip'
VERSION='2.0.0'
ac_ct_AR='ar'
ac_ct_CC='gcc'
ac_ct_CXX='g++'
ac_ct_DUMPBIN=''
am__EXEEXT_FALSE=''
am__EXEEXT_TRUE='#'
am__fastdepCC_FALSE='#'
am__fastdepCC_TRUE=''
am__fastdepCXX_FALSE='#'
am__fastdepCXX_TRUE=''
am__include='include'
am__isrc=''
am__leading_dot='.'
am__nodep='_no'
am__quote=''
am__tar='$${TAR-tar} chof - "$$tardir"'
am__untar='$${TAR-tar} xf -'
bindir='${exec_prefix}/bin'
build='x86_64-pc-linux-gnu'
build_alias=''
build_cpu='x86_64'
build_os='linux-gnu'
build_vendor='pc'
datadir='${datarootdir}'
datarootdir='${prefix}/share'
docdir='${datarootdir}/doc/${PACKAGE_TARNAME}'
dvidir='${docdir}'
exec_prefix='${prefix}'
host='x86_64-pc-linux-gnu'
host_alias=''
host_cpu='x86_64'
host_os='linux-gnu'
host_vendor='pc'
htmldir='${docdir}'
includedir='${prefix}/include'
infodir='${datarootdir}/info'
install_sh='${SHELL} /home/pawan/HEPTools/CHECKMATE/currentworking/checkmate2/install-sh'
libdir='${exec_prefix}/lib'
libexecdir='${exec_prefix}/libexec'
localedir='${datarootdir}/locale'
localstatedir='${prefix}/var'
mandir='${datarootdir}/man'
mkdir_p='$(MKDIR_P)'
oldincludedir='/usr/include'
pdfdir='${docdir}'
pkgpyexecdir='${pyexecdir}/checkmate'
pkgpythondir='${pythondir}/checkmate'
prefix='/usr/local'
program_transform_name='s,x,x,'
psdir='${docdir}'
pyexecdir='${PYTHON_EXEC_PREFIX}/lib/python3.8/site-packages'
pythondir='${PYTHON_PREFIX}/lib/python3.8/site-packages'
runstatedir='${localstatedir}/run'
sbindir='${exec_prefix}/sbin'
sharedstatedir='${prefix}/com'
sysconfdir='${prefix}/etc'
target_alias=''

## ----------- ##
## confdefs.h. ##
## ----------- ##

/* confdefs.h */
#define PACKAGE_NAME "CheckMATE"
#define PACKAGE_TARNAME "checkmate"
#define PACKAGE_VERSION "2.0.0"
#define PACKAGE_STRING "CheckMATE 2.0.0"
#define PACKAGE_BUGREPORT "daschm@uni-bonn.de"
#define PACKAGE_URL ""
#define PACKAGE "checkmate"
#define VERSION "2.0.0"
#define HAVE_STDIO_H 1
#define HAVE_STDLIB_H 1
#define HAVE_STRING_H 1
#define HAVE_INTTYPES_H 1
#define HAVE_STDINT_H 1
#define HAVE_STRINGS_H 1
#define HAVE_SYS_STAT_H 1
#define HAVE_SYS_TYPES_H 1
#define HAVE_UNISTD_H 1
#define STDC_HEADERS 1
#define HAVE_DLFCN_H 1
#define LT_OBJDIR ".libs/"
#define HAVE_IOSTREAM 1
#define HAVE_OSTREAM 1
#define HAVE_FSTREAM 1
#define HAVE_HEPMC_HEPMCDEFS_H 1
#define HAVE_HEPMC_IO_GENEVENT_H 1
#define HAVE_PYTHIA8_PYTHIA_H 1
#define HAVE_PYTHIA8PLUGINS_HEPMC2_H 1
#define HAVE_CLASSES_DELPHESCLASSES_H 1

configure: exit 0
